<?xml version="1.0" encoding="UTF-8"?>
<!-- Generated by org.testng.reporters.JUnitXMLReporter -->
<testsuite hostname="tbslaptop-" ignored="0" name="ClientAdminCreate" tests="3" failures="0" timestamp="04 Jun 2021 11:21:22 GMT" time="47.549" errors="0">
  <testcase name="AdminLogin" time="5.546" classname="admin.ClientAdminCreate"/>
  <testcase name="CreateClientAdmin" time="4.013" classname="admin.ClientAdminCreate"/>
  <testcase name="Logout" time="4.789" classname="admin.ClientAdminCreate"/>
</testsuite> <!-- ClientAdminCreate -->
