<?xml version="1.0" encoding="UTF-8"?>
<!-- Generated by org.testng.reporters.JUnitXMLReporter -->
<testsuite hostname="Hasan" name="AutomationIntegrationSetup" tests="2" failures="0" timestamp="24 Aug 2021 13:32:00 GMT" time="15.988" errors="0">
  <testcase name="AdminLogin" time="2.126" classname="configuration.AutomationIntegration"/>
  <testcase name="AutomationIntegrationSetup" time="3.28" classname="configuration.AutomationIntegration"/>
</testsuite> <!-- AutomationIntegrationSetup -->
