<?xml version="1.0" encoding="UTF-8"?>
<!-- Generated by org.testng.reporters.JUnitXMLReporter -->
<testsuite hostname="Hasan" name="ClientAdminCreate" tests="3" failures="0" timestamp="24 Aug 2021 13:31:25 GMT" time="18.487" errors="0">
  <testcase name="AdminLogin" time="3.101" classname="admin.ClientAdminCreate"/>
  <testcase name="CreateClientAdmin" time="1.836" classname="admin.ClientAdminCreate"/>
  <testcase name="Logout" time="0.625" classname="admin.ClientAdminCreate"/>
</testsuite> <!-- ClientAdminCreate -->
