<?xml version="1.0" encoding="UTF-8"?>
<!-- Generated by org.testng.reporters.JUnitXMLReporter -->
<testsuite hostname="Hasan" name="Employee Create" tests="2" failures="2" timestamp="24 Aug 2021 12:08:54 GMT" time="0.01" errors="0">
  <testcase name="ClientAdminLogin" time="0.007" classname="employeeprofile.Employee">
    <failure type="java.lang.IllegalStateException" message="The driver executable does not exist: D:\Hasan\Hasan_Project\Selenium Tools\ChromeDriver\chromedriver.exe">
      <![CDATA[java.lang.IllegalStateException: The driver executable does not exist: D:\Hasan\Hasan_Project\Selenium Tools\ChromeDriver\chromedriver.exe
	at com.google.common.base.Preconditions.checkState(Preconditions.java:585)
	at org.openqa.selenium.remote.service.DriverService.checkExecutable(DriverService.java:137)
	at org.openqa.selenium.remote.service.DriverService.findExecutable(DriverService.java:132)
	at org.openqa.selenium.chrome.ChromeDriverService.access$000(ChromeDriverService.java:35)
	at org.openqa.selenium.chrome.ChromeDriverService$Builder.findDefaultExecutable(ChromeDriverService.java:156)
	at org.openqa.selenium.remote.service.DriverService$Builder.build(DriverService.java:346)
	at org.openqa.selenium.chrome.ChromeDriverService.createDefaultService(ChromeDriverService.java:91)
	at org.openqa.selenium.chrome.ChromeDriver.<init>(ChromeDriver.java:123)
	at employeeprofile.Employee.ClientAdminLogin(Employee.java:20)
	at java.util.concurrent.FutureTask.run(Unknown Source)
	at java.util.concurrent.ThreadPoolExecutor.runWorker(Unknown Source)
	at java.util.concurrent.ThreadPoolExecutor$Worker.run(Unknown Source)
	at java.lang.Thread.run(Unknown Source)
... Removed 16 stack frames]]>
    </failure>
  </testcase> <!-- ClientAdminLogin -->
  <testcase name="EmployeeCreate" time="0.001" classname="employeeprofile.Employee">
    <failure type="java.lang.NullPointerException">
      <![CDATA[java.lang.NullPointerException
	at employeeprofile.Employee.EmployeeCreate(Employee.java:47)
	at java.util.concurrent.FutureTask.run(Unknown Source)
	at java.util.concurrent.ThreadPoolExecutor.runWorker(Unknown Source)
	at java.util.concurrent.ThreadPoolExecutor$Worker.run(Unknown Source)
	at java.lang.Thread.run(Unknown Source)
... Removed 16 stack frames]]>
    </failure>
  </testcase> <!-- EmployeeCreate -->
</testsuite> <!-- Employee Create -->
