<?xml version="1.0" encoding="UTF-8"?>
<!-- Generated by org.testng.reporters.JUnitXMLReporter -->
<testsuite hostname="Hasan" name="Master Data Setup" tests="22" failures="0" timestamp="24 Aug 2021 12:08:54 GMT" time="0.065" errors="0">
  <testcase name="@BeforeTest ClientAdminLogin" time="0.0" classname="configuration.Setup">
    <failure type="java.lang.IllegalStateException" message="The driver executable does not exist: D:\Hasan\Hasan_Project\Selenium Tools\ChromeDriver\chromedriver.exe">
      <![CDATA[java.lang.IllegalStateException: The driver executable does not exist: D:\Hasan\Hasan_Project\Selenium Tools\ChromeDriver\chromedriver.exe
	at com.google.common.base.Preconditions.checkState(Preconditions.java:585)
	at org.openqa.selenium.remote.service.DriverService.checkExecutable(DriverService.java:137)
	at org.openqa.selenium.remote.service.DriverService.findExecutable(DriverService.java:132)
	at org.openqa.selenium.chrome.ChromeDriverService.access$000(ChromeDriverService.java:35)
	at org.openqa.selenium.chrome.ChromeDriverService$Builder.findDefaultExecutable(ChromeDriverService.java:156)
	at org.openqa.selenium.remote.service.DriverService$Builder.build(DriverService.java:346)
	at org.openqa.selenium.chrome.ChromeDriverService.createDefaultService(ChromeDriverService.java:91)
	at org.openqa.selenium.chrome.ChromeDriver.<init>(ChromeDriver.java:123)
	at configuration.Setup.ClientAdminLogin(Setup.java:18)
	at java.util.concurrent.FutureTask.run(Unknown Source)
	at java.util.concurrent.ThreadPoolExecutor.runWorker(Unknown Source)
	at java.util.concurrent.ThreadPoolExecutor$Worker.run(Unknown Source)
	at java.lang.Thread.run(Unknown Source)
... Removed 14 stack frames]]>
    </failure>
  </testcase> <!-- @BeforeTest ClientAdminLogin -->
  <testcase name="CreateOrgStructureType" time="0.001" classname="configuration.Setup">
    <skipped/>
  </testcase> <!-- CreateOrgStructureType -->
  <testcase name="CreateOrganizationStructure" time="0.001" classname="configuration.Setup">
    <skipped/>
  </testcase> <!-- CreateOrganizationStructure -->
  <testcase name="GeneralWorkShift" time="0.001" classname="configuration.Setup">
    <skipped/>
  </testcase> <!-- GeneralWorkShift -->
  <testcase name="CreateWorkPlan" time="0.001" classname="configuration.Setup">
    <skipped/>
  </testcase> <!-- CreateWorkPlan -->
  <testcase name="RosterMorningShift" time="0.001" classname="configuration.Setup">
    <skipped/>
  </testcase> <!-- RosterMorningShift -->
  <testcase name="CreateFinancialYear" time="0.0" classname="configuration.Setup">
    <skipped/>
  </testcase> <!-- CreateFinancialYear -->
  <testcase name="CreateLocation" time="0.001" classname="configuration.Setup">
    <skipped/>
  </testcase> <!-- CreateLocation -->
  <testcase name="CreateGradeType" time="0.0" classname="configuration.Setup">
    <skipped/>
  </testcase> <!-- CreateGradeType -->
  <testcase name="CreateDesignation" time="0.001" classname="configuration.Setup">
    <skipped/>
  </testcase> <!-- CreateDesignation -->
  <testcase name="CreateReligion" time="0.009" classname="configuration.Setup">
    <skipped/>
  </testcase> <!-- CreateReligion -->
  <testcase name="CreateMaritalStatus" time="0.001" classname="configuration.Setup">
    <skipped/>
  </testcase> <!-- CreateMaritalStatus -->
  <testcase name="CreateBloodGroup" time="0.001" classname="configuration.Setup">
    <skipped/>
  </testcase> <!-- CreateBloodGroup -->
  <testcase name="CreateDepartment" time="0.001" classname="configuration.Setup">
    <skipped/>
  </testcase> <!-- CreateDepartment -->
  <testcase name="CreateQualificationLevel" time="0.001" classname="configuration.Setup">
    <skipped/>
  </testcase> <!-- CreateQualificationLevel -->
  <testcase name="CreateEmploymentStatus" time="0.005" classname="configuration.Setup">
    <skipped/>
  </testcase> <!-- CreateEmploymentStatus -->
  <testcase name="CreateEmploymentType" time="0.0" classname="configuration.Setup">
    <skipped/>
  </testcase> <!-- CreateEmploymentType -->
  <testcase name="CreateBankInformation" time="0.001" classname="configuration.Setup">
    <skipped/>
  </testcase> <!-- CreateBankInformation -->
  <testcase name="testCreateEducationalBoard" time="0.001" classname="configuration.Setup">
    <skipped/>
  </testcase> <!-- testCreateEducationalBoard -->
  <testcase name="CreateEmployeeCategory" time="0.001" classname="configuration.Setup">
    <skipped/>
  </testcase> <!-- CreateEmployeeCategory -->
  <testcase name="CreateRelationWithEmployee" time="0.001" classname="configuration.Setup">
    <skipped/>
  </testcase> <!-- CreateRelationWithEmployee -->
  <testcase name="CreateApprovalFlow" time="0.0" classname="configuration.Setup">
    <skipped/>
  </testcase> <!-- CreateApprovalFlow -->
  <testcase name="CreateFunctionalApproval" time="0.001" classname="configuration.Setup">
    <skipped/>
  </testcase> <!-- CreateFunctionalApproval -->
</testsuite> <!-- Master Data Setup -->
